<?xml version="1.0" encoding="UTF-8"?>
<!-- Generated by org.testng.reporters.JUnitXMLReporter -->
<testsuite ignored="0" hostname="DESKTOP-4OI215H" failures="0" tests="2" name="Default test" time="60.45" errors="0" timestamp="19 Jul 2024 11:53:56 GMT">
  <testcase classname="cucumber.api.testng.AbstractTestNGCucumberTests" name="runScenario" time="31.023"/>
  <testcase classname="cucumber.api.testng.AbstractTestNGCucumberTests" name="runScenario" time="25.22"/>
</testsuite> <!-- Default test -->
